# JRE version: Java(TM) SE Runtime Environment (20.0+36) (build 20+36-2344)
# Java VM: Java HotSpot(TM) 64-Bit Server VM (20+36-2344, mixed mode, sharing, tiered, compressed oops, compressed class ptrs, g1 gc, linux-amd64)
GC Precious Log:
 CardTable entry size: 512
 Card Set container configuration: InlinePtr #cards 4 size 8 Array Of Cards #cards 16 size 48 Howl #buckets 8 coarsen threshold 3686 Howl Bitmap #cards 512 size 80 coarsen threshold 460 Card regions per heap region 1 cards per card region 4096
 CPUs: 8 total, 8 available
 Memory: 15917M
 Large Page Support: Disabled
 NUMA Support: Disabled
 Compressed Oops: Enabled (Zero based)
 Heap Region Size: 2M
 Heap Min Capacity: 8M
 Heap Initial Capacity: 250M
 Heap Max Capacity: 3980M
 Pre-touch: Disabled
 Parallel Workers: 8
 Concurrent Workers: 2
 Concurrent Refinement Workers: 8
 Periodic GC: Disabled
Heap:
 garbage-first heap   total 55296K, used 36683K [0x0000000707400000, 0x0000000800000000)
  region size 2048K, 13 young (26624K), 0 survivors (0K)
 Metaspace       used 31084K, committed 31616K, reserved 1114112K
  class space    used 3691K, committed 3968K, reserved 1048576K
GC Heap History (18 events):
Event: 0.759 GC heap before
{Heap before GC invocations=0 (full 0):
 garbage-first heap   total 260096K, used 24556K [0x0000000707400000, 0x0000000800000000)
  region size 2048K, 11 young (22528K), 0 survivors (0K)
 Metaspace       used 6855K, committed 6976K, reserved 1114112K
  class space    used 789K, committed 832K, reserved 1048576K
}
Event: 0.763 GC heap after
{Heap after GC invocations=1 (full 0):
 garbage-first heap   total 260096K, used 5912K [0x0000000707400000, 0x0000000800000000)
  region size 2048K, 2 young (4096K), 2 survivors (4096K)
 Metaspace       used 6855K, committed 6976K, reserved 1114112K
  class space    used 789K, committed 832K, reserved 1048576K
}
Event: 1.685 GC heap before
{Heap before GC invocations=1 (full 0):
 garbage-first heap   total 260096K, used 55064K [0x0000000707400000, 0x0000000800000000)
  region size 2048K, 26 young (53248K), 2 survivors (4096K)
 Metaspace       used 17593K, committed 17920K, reserved 1114112K
  class space    used 2089K, committed 2240K, reserved 1048576K
}
Event: 1.692 GC heap after
{Heap after GC invocations=2 (full 0):
 garbage-first heap   total 260096K, used 10065K [0x0000000707400000, 0x0000000800000000)
  region size 2048K, 4 young (8192K), 4 survivors (8192K)
 Metaspace       used 17593K, committed 17920K, reserved 1114112K
  class space    used 2089K, committed 2240K, reserved 1048576K
}
Event: 2.205 GC heap before
{Heap before GC invocations=2 (full 0):
 garbage-first heap   total 260096K, used 26449K [0x0000000707400000, 0x0000000800000000)
  region size 2048K, 13 young (26624K), 4 survivors (8192K)
 Metaspace       used 21111K, committed 21504K, reserved 1114112K
  class space    used 2592K, committed 2816K, reserved 1048576K
}
Event: 2.212 GC heap after
{Heap after GC invocations=3 (full 0):
 garbage-first heap   total 260096K, used 11964K [0x0000000707400000, 0x0000000800000000)
  region size 2048K, 5 young (10240K), 5 survivors (10240K)
 Metaspace       used 21111K, committed 21504K, reserved 1114112K
  class space    used 2592K, committed 2816K, reserved 1048576K
}
Event: 3.011 GC heap before
{Heap before GC invocations=4 (full 0):
 garbage-first heap   total 55296K, used 52924K [0x0000000707400000, 0x0000000800000000)
  region size 2048K, 25 young (51200K), 5 survivors (10240K)
 Metaspace       used 27696K, committed 28224K, reserved 1114112K
  class space    used 3412K, committed 3648K, reserved 1048576K
}
Event: 3.020 GC heap after
{Heap after GC invocations=5 (full 0):
 garbage-first heap   total 69632K, used 14498K [0x0000000707400000, 0x0000000800000000)
  region size 2048K, 7 young (14336K), 7 survivors (14336K)
 Metaspace       used 27696K, committed 28224K, reserved 1114112K
  class space    used 3412K, committed 3648K, reserved 1048576K
}
Event: 39.423 GC heap before
{Heap before GC invocations=5 (full 0):
 garbage-first heap   total 69632K, used 30882K [0x0000000707400000, 0x0000000800000000)
  region size 2048K, 16 young (32768K), 7 survivors (14336K)
 Metaspace       used 30110K, committed 30720K, reserved 1114112K
  class space    used 3720K, committed 3968K, reserved 1048576K
}
Event: 39.457 GC heap after
{Heap after GC invocations=6 (full 1):
 garbage-first heap   total 61440K, used 14178K [0x0000000707400000, 0x0000000800000000)
  region size 2048K, 0 young (0K), 0 survivors (0K)
 Metaspace       used 30110K, committed 30720K, reserved 1114112K
  class space    used 3720K, committed 3968K, reserved 1048576K
}
Event: 41.595 GC heap before
{Heap before GC invocations=6 (full 1):
 garbage-first heap   total 61440K, used 36706K [0x0000000707400000, 0x0000000800000000)
  region size 2048K, 12 young (24576K), 0 survivors (0K)
 Metaspace       used 30465K, committed 31040K, reserved 1114112K
  class space    used 3725K, committed 3968K, reserved 1048576K
}
Event: 41.636 GC heap after
{Heap after GC invocations=7 (full 2):
 garbage-first heap   total 61440K, used 13984K [0x0000000707400000, 0x0000000800000000)
  region size 2048K, 0 young (0K), 0 survivors (0K)
 Metaspace       used 30462K, committed 31040K, reserved 1114112K
  class space    used 3724K, committed 3968K, reserved 1048576K
}
Event: 1895.892 GC heap before
{Heap before GC invocations=7 (full 2):
 garbage-first heap   total 61440K, used 44704K [0x0000000707400000, 0x0000000800000000)
  region size 2048K, 15 young (30720K), 0 survivors (0K)
 Metaspace       used 30855K, committed 31424K, reserved 1114112K
  class space    used 3726K, committed 3968K, reserved 1048576K
}
Event: 1895.897 GC heap after
{Heap after GC invocations=8 (full 2):
 garbage-first heap   total 61440K, used 16770K [0x0000000707400000, 0x0000000800000000)
  region size 2048K, 2 young (4096K), 2 survivors (4096K)
 Metaspace       used 30855K, committed 31424K, reserved 1114112K
  class space    used 3726K, committed 3968K, reserved 1048576K
}
Event: 8337.685 GC heap before
{Heap before GC invocations=8 (full 2):
 garbage-first heap   total 61440K, used 45442K [0x0000000707400000, 0x0000000800000000)
  region size 2048K, 16 young (32768K), 2 survivors (4096K)
 Metaspace       used 30903K, committed 31488K, reserved 1114112K
  class space    used 3726K, committed 3968K, reserved 1048576K
}
Event: 8337.686 GC heap after
{Heap after GC invocations=9 (full 2):
 garbage-first heap   total 61440K, used 16517K [0x0000000707400000, 0x0000000800000000)
  region size 2048K, 2 young (4096K), 2 survivors (4096K)
 Metaspace       used 30903K, committed 31488K, reserved 1114112K
  class space    used 3726K, committed 3968K, reserved 1048576K
}
Event: 10440.461 GC heap before
{Heap before GC invocations=9 (full 2):
 garbage-first heap   total 61440K, used 24709K [0x0000000707400000, 0x0000000800000000)
  region size 2048K, 7 young (14336K), 2 survivors (4096K)
 Metaspace       used 30915K, committed 31488K, reserved 1114112K
  class space    used 3727K, committed 3968K, reserved 1048576K
}
Event: 10440.536 GC heap after
{Heap after GC invocations=10 (full 3):
 garbage-first heap   total 55296K, used 12107K [0x0000000707400000, 0x0000000800000000)
  region size 2048K, 0 young (0K), 0 survivors (0K)
 Metaspace       used 30650K, committed 31488K, reserved 1114112K
  class space    used 3655K, committed 3968K, reserved 1048576K
}

